2020-01-31 15:33:26,670 INFO o.a.j.u.JMeterUtils: Setting Locale to en_EN
2020-01-31 15:33:26,686 INFO o.a.j.JMeter: Loading user properties from: C:\Users\chris\Documents\Cours\Tests logiciels\apache-jmeter-5.1.1\bin\user.properties
2020-01-31 15:33:26,686 INFO o.a.j.JMeter: Loading system properties from: C:\Users\chris\Documents\Cours\Tests logiciels\apache-jmeter-5.1.1\bin\system.properties
2020-01-31 15:33:26,686 INFO o.a.j.JMeter: Loading additional properties from: .\jmeter\properties\user.properties
2020-01-31 15:33:26,686 INFO o.a.j.JMeter: Copyright (c) 1998-2019 The Apache Software Foundation
2020-01-31 15:33:26,686 INFO o.a.j.JMeter: Version 5.1.1 r1855137
2020-01-31 15:33:26,686 INFO o.a.j.JMeter: java.version=1.8.0_231
2020-01-31 15:33:26,686 INFO o.a.j.JMeter: java.vm.name=Java HotSpot(TM) 64-Bit Server VM
2020-01-31 15:33:26,686 INFO o.a.j.JMeter: os.name=Windows 10
2020-01-31 15:33:26,686 INFO o.a.j.JMeter: os.arch=amd64
2020-01-31 15:33:26,686 INFO o.a.j.JMeter: os.version=10.0
2020-01-31 15:33:26,686 INFO o.a.j.JMeter: file.encoding=Cp1252
2020-01-31 15:33:26,686 INFO o.a.j.JMeter: java.awt.headless=null
2020-01-31 15:33:26,686 INFO o.a.j.JMeter: Max memory     =1073741824
2020-01-31 15:33:26,686 INFO o.a.j.JMeter: Available Processors =8
2020-01-31 15:33:26,701 INFO o.a.j.JMeter: Default Locale=English (EN)
2020-01-31 15:33:26,701 INFO o.a.j.JMeter: JMeter  Locale=English (EN)
2020-01-31 15:33:26,701 INFO o.a.j.JMeter: JMeterHome=C:\Users\chris\Documents\Cours\Tests logiciels\apache-jmeter-5.1.1
2020-01-31 15:33:26,701 INFO o.a.j.JMeter: user.dir  =C:\Users\chris\Documents\Cours\Tests logiciels\Camix_Java-v0.3.1
2020-01-31 15:33:26,701 INFO o.a.j.JMeter: PWD       =C:\Users\chris\Documents\Cours\Tests logiciels\Camix_Java-v0.3.1
2020-01-31 15:33:26,701 INFO o.a.j.JMeter: IP: 172.16.126.87 Name: LAPTOP-R9MRI1JC FullName: 172.16.126.87
2020-01-31 15:33:26,701 INFO o.a.j.JMeter: search_paths=./out/production/Camix_Java-v0.3.1/src/
2020-01-31 15:33:26,701 INFO o.a.j.JMeter: Adding to classpath and loader: ./out/production/Camix_Java-v0.3.1/src/
2020-01-31 15:33:26,810 INFO o.a.j.g.a.LookAndFeelCommand: Installing Darcula LAF
2020-01-31 15:33:26,826 INFO o.a.j.g.a.LookAndFeelCommand: Using look and feel: com.bulenkov.darcula.DarculaLaf [Darcula]
2020-01-31 15:33:26,826 INFO o.a.j.JMeter: Setting LAF to: com.bulenkov.darcula.DarculaLaf
2020-01-31 15:33:26,873 INFO o.a.j.JMeter: Loaded icon properties from org/apache/jmeter/images/icon.properties
2020-01-31 15:33:27,935 INFO o.a.j.p.h.s.HTTPSamplerBase: Parser for text/html is org.apache.jmeter.protocol.http.parser.LagartoBasedHtmlParser
2020-01-31 15:33:27,935 INFO o.a.j.p.h.s.HTTPSamplerBase: Parser for application/xhtml+xml is org.apache.jmeter.protocol.http.parser.LagartoBasedHtmlParser
2020-01-31 15:33:27,935 INFO o.a.j.p.h.s.HTTPSamplerBase: Parser for application/xml is org.apache.jmeter.protocol.http.parser.LagartoBasedHtmlParser
2020-01-31 15:33:27,935 INFO o.a.j.p.h.s.HTTPSamplerBase: Parser for text/xml is org.apache.jmeter.protocol.http.parser.LagartoBasedHtmlParser
2020-01-31 15:33:27,935 INFO o.a.j.p.h.s.HTTPSamplerBase: Parser for text/vnd.wap.wml is org.apache.jmeter.protocol.http.parser.RegexpHTMLParser
2020-01-31 15:33:27,935 INFO o.a.j.p.h.s.HTTPSamplerBase: Parser for text/css is org.apache.jmeter.protocol.http.parser.CssParser
2020-01-31 15:33:28,076 INFO o.a.j.e.KeyToolUtils: Exception checking for keytool existence, will return false, try another way.
2020-01-31 15:33:28,261 INFO o.a.j.e.KeyToolUtils: keytool found at 'C:\Program Files\Java\jre1.8.0_231\bin\keytool'
2020-01-31 15:33:28,261 INFO o.a.j.p.h.p.ProxyControl: HTTP(S) Test Script Recorder SSL Proxy will use keys that support embedded 3rd party resources in file C:\Users\chris\Documents\Cours\Tests logiciels\apache-jmeter-5.1.1\bin\proxyserver.jks
2020-01-31 15:33:28,354 INFO o.a.j.s.FileServer: Default base='C:\Users\chris\Documents\Cours\Tests logiciels\Camix_Java-v0.3.1'
2020-01-31 15:33:28,807 INFO o.a.j.s.SampleResult: Note: Sample TimeStamps are START times
2020-01-31 15:33:28,807 INFO o.a.j.s.SampleResult: sampleresult.default.encoding is set to ISO-8859-1
2020-01-31 15:33:28,807 INFO o.a.j.s.SampleResult: sampleresult.useNanoTime=true
2020-01-31 15:33:28,807 INFO o.a.j.s.SampleResult: sampleresult.nanoThreadSleep=5000
2020-01-31 15:34:00,396 INFO o.a.j.e.StandardJMeterEngine: Running the test!
2020-01-31 15:34:00,396 INFO o.a.j.s.SampleEvent: List of sample_variables: []
2020-01-31 15:34:00,396 INFO o.a.j.s.SampleEvent: List of sample_variables: []
2020-01-31 15:34:00,396 INFO o.a.j.e.u.CompoundVariable: Note: Function class names must contain the string: '.functions.'
2020-01-31 15:34:00,396 INFO o.a.j.e.u.CompoundVariable: Note: Function class names must not contain the string: '.gui.'
2020-01-31 15:34:00,599 INFO o.a.j.g.u.JMeterMenuBar: setRunning(true, *local*)
2020-01-31 15:34:00,678 INFO o.a.j.e.StandardJMeterEngine: No enabled thread groups found
2020-01-31 15:34:00,678 INFO o.a.j.e.StandardJMeterEngine: Notifying test listeners of end of test
2020-01-31 15:34:00,678 INFO o.a.j.g.u.JMeterMenuBar: setRunning(false, *local*)
2020-01-31 15:36:36,413 INFO o.a.j.s.FileServer: Set new base='C:\Users\chris\Documents\Cours\Tests logiciels\Camix_Java-v0.3.1'
2020-01-31 15:36:36,506 INFO o.a.j.s.SaveService: Testplan (JMX) version: 2.2. Testlog (JTL) version: 2.2
2020-01-31 15:36:36,506 INFO o.a.j.s.SaveService: Using SaveService properties file encoding UTF-8
2020-01-31 15:36:36,506 INFO o.a.j.s.SaveService: Using SaveService properties version 5.0
2020-01-31 15:37:32,937 INFO o.a.j.u.JMeterUtils: Setting Locale to fr
